Build started 16-05-2016 09:59:16.
     1>Project "C:\Users\Emil\Desktop\GIT\x10\Semesterprojekt2\Semesterprojekt2\Semesterprojekt2.vcxproj" on node 2 (Build target(s)).
     1>ClCompile:
         C:\Program Files (x86)\Microsoft Visual Studio 12.0\VC\bin\CL.exe /c /ZI /nologo /W3 /WX- /Od /Oy- /D WIN32 /D _DEBUG /D _CONSOLE /D _LIB /D _MBCS /Gm /EHsc /RTC1 /MDd /GS /fp:precise /Zc:wchar_t /Zc:forScope /Fo"Debug\\" /Fd"Debug\vc120.pdb" /Gd /TP /analyze- /errorReport:prompt Main.cpp
         Main.cpp
     1>c:\users\emil\desktop\git\x10\semesterprojekt2\semesterprojekt2\main.cpp(13): warning C4996: 'getch': The POSIX name for this item is deprecated. Instead, use the ISO C++ conformant name: _getch. See online help for details.
                 c:\program files (x86)\microsoft visual studio 12.0\vc\include\conio.h(131) : see declaration of 'getch'
     1>c:\users\emil\desktop\git\x10\semesterprojekt2\semesterprojekt2\main.cpp(16): warning C4996: 'getch': The POSIX name for this item is deprecated. Instead, use the ISO C++ conformant name: _getch. See online help for details.
                 c:\program files (x86)\microsoft visual studio 12.0\vc\include\conio.h(131) : see declaration of 'getch'
     1>c:\users\emil\desktop\git\x10\semesterprojekt2\semesterprojekt2\main.cpp(19): warning C4996: 'getch': The POSIX name for this item is deprecated. Instead, use the ISO C++ conformant name: _getch. See online help for details.
                 c:\program files (x86)\microsoft visual studio 12.0\vc\include\conio.h(131) : see declaration of 'getch'
     1>c:\users\emil\desktop\git\x10\semesterprojekt2\semesterprojekt2\main.cpp(22): warning C4996: 'getch': The POSIX name for this item is deprecated. Instead, use the ISO C++ conformant name: _getch. See online help for details.
                 c:\program files (x86)\microsoft visual studio 12.0\vc\include\conio.h(131) : see declaration of 'getch'
     1>c:\users\emil\desktop\git\x10\semesterprojekt2\semesterprojekt2\main.cpp(82): warning C4996: 'getch': The POSIX name for this item is deprecated. Instead, use the ISO C++ conformant name: _getch. See online help for details.
                 c:\program files (x86)\microsoft visual studio 12.0\vc\include\conio.h(131) : see declaration of 'getch'
     1>c:\users\emil\desktop\git\x10\semesterprojekt2\semesterprojekt2\main.cpp(104): warning C4996: 'getch': The POSIX name for this item is deprecated. Instead, use the ISO C++ conformant name: _getch. See online help for details.
                 c:\program files (x86)\microsoft visual studio 12.0\vc\include\conio.h(131) : see declaration of 'getch'
       Link:
         C:\Program Files (x86)\Microsoft Visual Studio 12.0\VC\bin\link.exe /ERRORREPORT:PROMPT /OUT:"C:\Users\Emil\Desktop\GIT\x10\Semesterprojekt2\Debug\Semesterprojekt2.exe" /INCREMENTAL /NOLOGO kernel32.lib user32.lib gdi32.lib winspool.lib comdlg32.lib advapi32.lib shell32.lib ole32.lib oleaut32.lib uuid.lib odbc32.lib odbccp32.lib /MANIFEST /MANIFESTUAC:"level='asInvoker' uiAccess='false'" /manifest:embed /DEBUG /PDB:"C:\Users\Emil\Desktop\GIT\x10\Semesterprojekt2\Debug\Semesterprojekt2.pdb" /SUBSYSTEM:CONSOLE /TLBID:1 /DYNAMICBASE /NXCOMPAT /IMPLIB:"C:\Users\Emil\Desktop\GIT\x10\Semesterprojekt2\Debug\Semesterprojekt2.lib" /MACHINE:X86 Debug\Main.obj
         Debug\Serial.obj
         Semesterprojekt2.vcxproj -> C:\Users\Emil\Desktop\GIT\x10\Semesterprojekt2\Debug\Semesterprojekt2.exe
     1>Done Building Project "C:\Users\Emil\Desktop\GIT\x10\Semesterprojekt2\Semesterprojekt2\Semesterprojekt2.vcxproj" (Build target(s)).

Build succeeded.

Time Elapsed 00:00:04.27
